<?xml version="1.0" encoding="UTF-8"?>
<coverage generated="1750710572257" clover="3.2.0">
  <project timestamp="1750710572258" name="All files">
    <metrics statements="3175" coveredstatements="156" conditionals="34457" coveredconditionals="24" methods="9213" coveredmethods="42" elements="46845" coveredelements="222" complexity="0" loc="3175" ncloc="3175" packages="9" files="36" classes="36"/>
    <package name="HikeLink">
      <metrics statements="13" coveredstatements="0" conditionals="0" coveredconditionals="0" methods="2" coveredmethods="0"/>
      <file name="App.js" path="C:\Proiecte\HikeLink\App.js">
        <metrics statements="3" coveredstatements="0" conditionals="0" coveredconditionals="0" methods="2" coveredmethods="0"/>
        <line num="10" count="0" type="stmt"/>
        <line num="12" count="0" type="stmt"/>
        <line num="15" count="0" type="stmt"/>
      </file>
      <file name="index.js" path="C:\Proiecte\HikeLink\index.js">
        <metrics statements="1" coveredstatements="0" conditionals="0" coveredconditionals="0" methods="0" coveredmethods="0"/>
        <line num="8" count="0" type="stmt"/>
      </file>
      <file name="jest.config.js" path="C:\Proiecte\HikeLink\jest.config.js">
        <metrics statements="1" coveredstatements="0" conditionals="0" coveredconditionals="0" methods="0" coveredmethods="0"/>
        <line num="1" count="0" type="stmt"/>
      </file>
      <file name="metro.config.js" path="C:\Proiecte\HikeLink\metro.config.js">
        <metrics statements="8" coveredstatements="0" conditionals="0" coveredconditionals="0" methods="0" coveredmethods="0"/>
        <line num="1" count="0" type="stmt"/>
        <line num="3" count="0" type="stmt"/>
        <line num="6" count="0" type="stmt"/>
        <line num="17" count="0" type="stmt"/>
        <line num="18" count="0" type="stmt"/>
        <line num="21" count="0" type="stmt"/>
        <line num="22" count="0" type="stmt"/>
        <line num="24" count="0" type="stmt"/>
      </file>
    </package>
    <package name="HikeLink.android.app.build.intermediates.assets.debug.mergeDebugAssets">
      <metrics statements="887" coveredstatements="0" conditionals="33083" coveredconditionals="0" methods="8704" coveredmethods="0"/>
      <file name="EXDevMenuApp.android.js" path="C:\Proiecte\HikeLink\android\app\build\intermediates\assets\debug\mergeDebugAssets\EXDevMenuApp.android.js">
        <metrics statements="887" coveredstatements="0" conditionals="33083" coveredconditionals="0" methods="8704" coveredmethods="0"/>
        <line num="1" count="0" type="cond" truecount="0" falsecount="8"/>
        <line num="2" count="0" type="cond" truecount="0" falsecount="57"/>
        <line num="3" count="0" type="cond" truecount="0" falsecount="169"/>
        <line num="4" count="0" type="cond" truecount="0" falsecount="22"/>
        <line num="5" count="0" type="cond" truecount="0" falsecount="8"/>
        <line num="6" count="0" type="cond" truecount="0" falsecount="6"/>
        <line num="7" count="0" type="cond" truecount="0" falsecount="16"/>
        <line num="14" count="0" type="cond" truecount="0" falsecount="1258"/>
        <line num="15" count="0" type="stmt"/>
        <line num="16" count="0" type="stmt"/>
        <line num="17" count="0" type="cond" truecount="0" falsecount="2"/>
        <line num="18" count="0" type="cond" truecount="0" falsecount="4"/>
        <line num="19" count="0" type="cond" truecount="0" falsecount="6"/>
        <line num="20" count="0" type="stmt"/>
        <line num="21" count="0" type="cond" truecount="0" falsecount="47"/>
        <line num="22" count="0" type="cond" truecount="0" falsecount="4"/>
        <line num="23" count="0" type="cond" truecount="0" falsecount="4"/>
        <line num="24" count="0" type="cond" truecount="0" falsecount="2"/>
        <line num="25" count="0" type="cond" truecount="0" falsecount="3"/>
        <line num="26" count="0" type="cond" truecount="0" falsecount="5"/>
        <line num="27" count="0" type="cond" truecount="0" falsecount="15"/>
        <line num="28" count="0" type="stmt"/>
        <line num="29" count="0" type="cond" truecount="0" falsecount="2"/>
        <line num="30" count="0" type="cond" truecount="0" falsecount="8"/>
        <line num="31" count="0" type="cond" truecount="0" falsecount="2"/>
        <line num="32" count="0" type="cond" truecount="0" falsecount="10"/>
        <line num="33" count="0" type="cond" truecount="0" falsecount="12"/>
        <line num="34" count="0" type="cond" truecount="0" falsecount="22"/>
        <line num="35" count="0" type="stmt"/>
        <line num="36" count="0" type="cond" truecount="0" falsecount="40"/>
        <line num="37" count="0" type="stmt"/>
        <line num="38" count="0" type="cond" truecount="0" falsecount="30"/>
        <line num="39" count="0" type="cond" truecount="0" falsecount="12"/>
        <line num="40" count="0" type="cond" truecount="0" falsecount="7"/>
        <line num="41" count="0" type="cond" truecount="0" falsecount="2"/>
        <line num="42" count="0" type="cond" truecount="0" falsecount="4"/>
        <line num="43" count="0" type="cond" truecount="0" falsecount="10"/>
        <line num="44" count="0" type="cond" truecount="0" falsecount="2"/>
        <line num="45" count="0" type="cond" truecount="0" falsecount="8"/>
        <line num="46" count="0" type="cond" truecount="0" falsecount="2"/>
        <line num="47" count="0" type="cond" truecount="0" falsecount="12"/>
        <line num="48" count="0" type="cond" truecount="0" falsecount="2"/>
        <line num="49" count="0" type="stmt"/>
        <line num="50" count="0" type="cond" truecount="0" falsecount="5"/>
        <line num="51" count="0" type="cond" truecount="0" falsecount="4"/>
        <line num="52" count="0" type="cond" truecount="0" falsecount="37"/>
        <line num="53" count="0" type="cond" truecount="0" falsecount="79"/>
        <line num="54" count="0" type="cond" truecount="0" falsecount="12"/>
        <line num="55" count="0" type="stmt"/>
        <line num="56" count="0" type="cond" truecount="0" falsecount="4"/>
        <line num="57" count="0" type="stmt"/>
        <line num="58" count="0" type="cond" truecount="0" falsecount="15"/>
        <line num="59" count="0" type="cond" truecount="0" falsecount="16"/>
        <line num="60" count="0" type="cond" truecount="0" falsecount="59"/>
        <line num="61" count="0" type="cond" truecount="0" falsecount="39"/>
        <line num="62" count="0" type="cond" truecount="0" falsecount="39"/>
        <line num="63" count="0" type="cond" truecount="0" falsecount="11"/>
        <line num="64" count="0" type="cond" truecount="0" falsecount="52"/>
        <line num="65" count="0" type="cond" truecount="0" falsecount="4"/>
        <line num="66" count="0" type="cond" truecount="0" falsecount="2"/>
        <line num="67" count="0" type="cond" truecount="0" falsecount="20"/>
        <line num="68" count="0" type="stmt"/>
        <line num="69" count="0" type="cond" truecount="0" falsecount="2"/>
        <line num="70" count="0" type="cond" truecount="0" falsecount="8"/>
        <line num="71" count="0" type="cond" truecount="0" falsecount="39"/>
        <line num="72" count="0" type="cond" truecount="0" falsecount="33"/>
        <line num="73" count="0" type="cond" truecount="0" falsecount="2"/>
        <line num="74" count="0" type="stmt"/>
        <line num="75" count="0" type="stmt"/>
        <line num="76" count="0" type="cond" truecount="0" falsecount="20"/>
        <line num="77" count="0" type="cond" truecount="0" falsecount="26"/>
        <line num="78" count="0" type="cond" truecount="0" falsecount="33"/>
        <line num="79" count="0" type="cond" truecount="0" falsecount="65"/>
        <line num="80" count="0" type="cond" truecount="0" falsecount="50"/>
        <line num="81" count="0" type="cond" truecount="0" falsecount="65"/>
        <line num="82" count="0" type="cond" truecount="0" falsecount="10"/>
        <line num="83" count="0" type="cond" truecount="0" falsecount="10"/>
        <line num="84" count="0" type="cond" truecount="0" falsecount="211"/>
        <line num="85" count="0" type="cond" truecount="0" falsecount="2"/>
        <line num="86" count="0" type="cond" truecount="0" falsecount="41"/>
        <line num="87" count="0" type="stmt"/>
        <line num="88" count="0" type="cond" truecount="0" falsecount="19"/>
        <line num="89" count="0" type="cond" truecount="0" falsecount="33"/>
        <line num="90" count="0" type="cond" truecount="0" falsecount="10"/>
        <line num="91" count="0" type="cond" truecount="0" falsecount="104"/>
        <line num="92" count="0" type="cond" truecount="0" falsecount="114"/>
        <line num="93" count="0" type="cond" truecount="0" falsecount="2"/>
        <line num="94" count="0" type="cond" truecount="0" falsecount="26"/>
        <line num="95" count="0" type="cond" truecount="0" falsecount="2"/>
        <line num="96" count="0" type="cond" truecount="0" falsecount="22"/>
        <line num="97" count="0" type="cond" truecount="0" falsecount="7"/>
        <line num="98" count="0" type="cond" truecount="0" falsecount="26"/>
        <line num="99" count="0" type="cond" truecount="0" falsecount="39"/>
        <line num="100" count="0" type="cond" truecount="0" falsecount="35"/>
        <line num="101" count="0" type="cond" truecount="0" falsecount="24"/>
        <line num="102" count="0" type="cond" truecount="0" falsecount="2"/>
        <line num="103" count="0" type="cond" truecount="0" falsecount="8"/>
        <line num="104" count="0" type="cond" truecount="0" falsecount="39"/>
        <line num="105" count="0" type="cond" truecount="0" falsecount="35"/>
        <line num="106" count="0" type="cond" truecount="0" falsecount="8"/>
        <line num="107" count="0" type="cond" truecount="0" falsecount="12"/>
        <line num="108" count="0" type="stmt"/>
        <line num="109" count="0" type="cond" truecount="0" falsecount="4"/>
        <line num="110" count="0" type="cond" truecount="0" falsecount="9"/>
        <line num="111" count="0" type="cond" truecount="0" falsecount="19"/>
        <line num="112" count="0" type="cond" truecount="0" falsecount="7"/>
        <line num="113" count="0" type="cond" truecount="0" falsecount="26"/>
        <line num="114" count="0" type="cond" truecount="0" falsecount="3"/>
        <line num="115" count="0" type="cond" truecount="0" falsecount="4"/>
        <line num="116" count="0" type="cond" truecount="0" falsecount="41"/>
        <line num="117" count="0" type="cond" truecount="0" falsecount="4"/>
        <line num="118" count="0" type="cond" truecount="0" falsecount="35"/>
        <line num="119" count="0" type="cond" truecount="0" falsecount="39"/>
        <line num="120" count="0" type="cond" truecount="0" falsecount="33"/>
        <line num="121" count="0" type="stmt"/>
        <line num="122" count="0" type="cond" truecount="0" falsecount="50"/>
        <line num="123" count="0" type="cond" truecount="0" falsecount="8"/>
        <line num="124" count="0" type="stmt"/>
        <line num="125" count="0" type="cond" truecount="0" falsecount="41"/>
        <line num="126" count="0" type="cond" truecount="0" falsecount="4"/>
        <line num="127" count="0" type="stmt"/>
        <line num="128" count="0" type="stmt"/>
        <line num="138" count="0" type="cond" truecount="0" falsecount="161"/>
        <line num="139" count="0" type="cond" truecount="0" falsecount="2"/>
        <line num="140" count="0" type="cond" truecount="0" falsecount="33"/>
        <line num="141" count="0" type="stmt"/>
        <line num="142" count="0" type="cond" truecount="0" falsecount="49"/>
        <line num="143" count="0" type="cond" truecount="0" falsecount="8"/>
        <line num="144" count="0" type="cond" truecount="0" falsecount="37"/>
        <line num="145" count="0" type="cond" truecount="0" falsecount="4"/>
        <line num="146" count="0" type="stmt"/>
        <line num="147" count="0" type="cond" truecount="0" falsecount="4"/>
        <line num="148" count="0" type="cond" truecount="0" falsecount="12"/>
        <line num="149" count="0" type="cond" truecount="0" falsecount="127"/>
        <line num="150" count="0" type="cond" truecount="0" falsecount="53"/>
        <line num="151" count="0" type="cond" truecount="0" falsecount="4"/>
        <line num="152" count="0" type="cond" truecount="0" falsecount="4"/>
        <line num="153" count="0" type="stmt"/>
        <line num="154" count="0" type="stmt"/>
        <line num="155" count="0" type="cond" truecount="0" falsecount="35"/>
        <line num="156" count="0" type="cond" truecount="0" falsecount="63"/>
        <line num="157" count="0" type="stmt"/>
        <line num="158" count="0" type="cond" truecount="0" falsecount="12"/>
        <line num="159" count="0" type="cond" truecount="0" falsecount="82"/>
        <line num="160" count="0" type="cond" truecount="0" falsecount="6"/>
        <line num="161" count="0" type="cond" truecount="0" falsecount="12"/>
        <line num="162" count="0" type="cond" truecount="0" falsecount="12"/>
        <line num="163" count="0" type="cond" truecount="0" falsecount="73"/>
        <line num="164" count="0" type="cond" truecount="0" falsecount="6"/>
        <line num="165" count="0" type="cond" truecount="0" falsecount="35"/>
        <line num="166" count="0" type="cond" truecount="0" falsecount="22"/>
        <line num="167" count="0" type="cond" truecount="0" falsecount="4"/>
        <line num="168" count="0" type="cond" truecount="0" falsecount="14"/>
        <line num="169" count="0" type="cond" truecount="0" falsecount="3693"/>
        <line num="170" count="0" type="stmt"/>
        <line num="171" count="0" type="stmt"/>
        <line num="172" count="0" type="cond" truecount="0" falsecount="10"/>
        <line num="173" count="0" type="cond" truecount="0" falsecount="2"/>
        <line num="174" count="0" type="cond" truecount="0" falsecount="7"/>
        <line num="175" count="0" type="cond" truecount="0" falsecount="4"/>
        <line num="176" count="0" type="cond" truecount="0" falsecount="6"/>
        <line num="177" count="0" type="cond" truecount="0" falsecount="85"/>
        <line num="178" count="0" type="stmt"/>
        <line num="179" count="0" type="cond" truecount="0" falsecount="31"/>
        <line num="180" count="0" type="stmt"/>
        <line num="181" count="0" type="stmt"/>
        <line num="182" count="0" type="cond" truecount="0" falsecount="33"/>
        <line num="183" count="0" type="cond" truecount="0" falsecount="18"/>
        <line num="184" count="0" type="cond" truecount="0" falsecount="10"/>
        <line num="185" count="0" type="cond" truecount="0" falsecount="12"/>
        <line num="186" count="0" type="cond" truecount="0" falsecount="2"/>
        <line num="187" count="0" type="cond" truecount="0" falsecount="2"/>
        <line num="188" count="0" type="cond" truecount="0" falsecount="6"/>
        <line num="189" count="0" type="stmt"/>
        <line num="190" count="0" type="cond" truecount="0" falsecount="39"/>
        <line num="191" count="0" type="cond" truecount="0" falsecount="56"/>
        <line num="192" count="0" type="stmt"/>
        <line num="193" count="0" type="cond" truecount="0" falsecount="2"/>
        <line num="194" count="0" type="cond" truecount="0" falsecount="33"/>
        <line num="195" count="0" type="cond" truecount="0" falsecount="10"/>
        <line num="196" count="0" type="cond" truecount="0" falsecount="33"/>
        <line num="197" count="0" type="cond" truecount="0" falsecount="76"/>
        <line num="198" count="0" type="cond" truecount="0" falsecount="39"/>
        <line num="199" count="0" type="cond" truecount="0" falsecount="33"/>
        <line num="200" count="0" type="cond" truecount="0" falsecount="6"/>
        <line num="201" count="0" type="cond" truecount="0" falsecount="4"/>
        <line num="202" count="0" type="cond" truecount="0" falsecount="2"/>
        <line num="203" count="0" type="cond" truecount="0" falsecount="4"/>
        <line num="204" count="0" type="cond" truecount="0" falsecount="177"/>
        <line num="205" count="0" type="stmt"/>
        <line num="206" count="0" type="cond" truecount="0" falsecount="4"/>
        <line num="207" count="0" type="cond" truecount="0" falsecount="168"/>
        <line num="208" count="0" type="cond" truecount="0" falsecount="17"/>
        <line num="209" count="0" type="stmt"/>
        <line num="210" count="0" type="cond" truecount="0" falsecount="18"/>
        <line num="211" count="0" type="cond" truecount="0" falsecount="93"/>
        <line num="212" count="0" type="stmt"/>
        <line num="213" count="0" type="cond" truecount="0" falsecount="14"/>
        <line num="214" count="0" type="cond" truecount="0" falsecount="20"/>
        <line num="215" count="0" type="cond" truecount="0" falsecount="39"/>
        <line num="216" count="0" type="cond" truecount="0" falsecount="37"/>
        <line num="217" count="0" type="cond" truecount="0" falsecount="24"/>
        <line num="218" count="0" type="cond" truecount="0" falsecount="8"/>
        <line num="219" count="0" type="stmt"/>
        <line num="220" count="0" type="cond" truecount="0" falsecount="48"/>
        <line num="221" count="0" type="stmt"/>
        <line num="222" count="0" type="cond" truecount="0" falsecount="3"/>
        <line num="223" count="0" type="cond" truecount="0" falsecount="25"/>
        <line num="224" count="0" type="cond" truecount="0" falsecount="10"/>
        <line num="225" count="0" type="cond" truecount="0" falsecount="6"/>
        <line num="226" count="0" type="cond" truecount="0" falsecount="20"/>
        <line num="227" count="0" type="cond" truecount="0" falsecount="9"/>
        <line num="228" count="0" type="cond" truecount="0" falsecount="39"/>
        <line num="229" count="0" type="cond" truecount="0" falsecount="33"/>
        <line num="230" count="0" type="cond" truecount="0" falsecount="168"/>
        <line num="231" count="0" type="stmt"/>
        <line num="237" count="0" type="cond" truecount="0" falsecount="128"/>
        <line num="238" count="0" type="stmt"/>
        <line num="239" count="0" type="cond" truecount="0" falsecount="220"/>
        <line num="240" count="0" type="cond" truecount="0" falsecount="4"/>
        <line num="241" count="0" type="cond" truecount="0" falsecount="58"/>
        <line num="242" count="0" type="cond" truecount="0" falsecount="7"/>
        <line num="243" count="0" type="cond" truecount="0" falsecount="6"/>
        <line num="244" count="0" type="cond" truecount="0" falsecount="14"/>
        <line num="245" count="0" type="cond" truecount="0" falsecount="14"/>
        <line num="246" count="0" type="cond" truecount="0" falsecount="39"/>
        <line num="247" count="0" type="cond" truecount="0" falsecount="33"/>
        <line num="248" count="0" type="cond" truecount="0" falsecount="58"/>
        <line num="249" count="0" type="stmt"/>
        <line num="250" count="0" type="cond" truecount="0" falsecount="8"/>
        <line num="251" count="0" type="cond" truecount="0" falsecount="4"/>
        <line num="252" count="0" type="cond" truecount="0" falsecount="35"/>
        <line num="253" count="0" type="cond" truecount="0" falsecount="39"/>
        <line num="254" count="0" type="cond" truecount="0" falsecount="33"/>
        <line num="255" count="0" type="cond" truecount="0" falsecount="35"/>
        <line num="256" count="0" type="cond" truecount="0" falsecount="36"/>
        <line num="257" count="0" type="cond" truecount="0" falsecount="6"/>
        <line num="258" count="0" type="cond" truecount="0" falsecount="20"/>
        <line num="259" count="0" type="cond" truecount="0" falsecount="2"/>
        <line num="260" count="0" type="cond" truecount="0" falsecount="40"/>
        <line num="261" count="0" type="cond" truecount="0" falsecount="4"/>
        <line num="262" count="0" type="cond" truecount="0" falsecount="39"/>
        <line num="263" count="0" type="cond" truecount="0" falsecount="33"/>
        <line num="264" count="0" type="cond" truecount="0" falsecount="2"/>
        <line num="265" count="0" type="cond" truecount="0" falsecount="2"/>
        <line num="266" count="0" type="cond" truecount="0" falsecount="9"/>
        <line num="267" count="0" type="stmt"/>
        <line num="268" count="0" type="stmt"/>
        <line num="269" count="0" type="cond" truecount="0" falsecount="2"/>
        <line num="270" count="0" type="cond" truecount="0" falsecount="39"/>
        <line num="271" count="0" type="cond" truecount="0" falsecount="33"/>
        <line num="272" count="0" type="cond" truecount="0" falsecount="27"/>
        <line num="273" count="0" type="cond" truecount="0" falsecount="12"/>
        <line num="274" count="0" type="cond" truecount="0" falsecount="39"/>
        <line num="275" count="0" type="cond" truecount="0" falsecount="33"/>
        <line num="276" count="0" type="cond" truecount="0" falsecount="39"/>
        <line num="277" count="0" type="cond" truecount="0" falsecount="33"/>
        <line num="278" count="0" type="stmt"/>
        <line num="279" count="0" type="stmt"/>
        <line num="280" count="0" type="cond" truecount="0" falsecount="3"/>
        <line num="281" count="0" type="cond" truecount="0" falsecount="4"/>
        <line num="282" count="0" type="cond" truecount="0" falsecount="39"/>
        <line num="283" count="0" type="cond" truecount="0" falsecount="33"/>
        <line num="284" count="0" type="cond" truecount="0" falsecount="47"/>
        <line num="285" count="0" type="cond" truecount="0" falsecount="33"/>
        <line num="286" count="0" type="cond" truecount="0" falsecount="33"/>
        <line num="287" count="0" type="cond" truecount="0" falsecount="37"/>
        <line num="288" count="0" type="cond" truecount="0" falsecount="102"/>
        <line num="289" count="0" type="stmt"/>
        <line num="290" count="0" type="cond" truecount="0" falsecount="33"/>
        <line num="291" count="0" type="stmt"/>
        <line num="292" count="0" type="stmt"/>
        <line num="302" count="0" type="cond" truecount="0" falsecount="10"/>
        <line num="303" count="0" type="cond" truecount="0" falsecount="6"/>
        <line num="304" count="0" type="cond" truecount="0" falsecount="4"/>
        <line num="305" count="0" type="cond" truecount="0" falsecount="33"/>
        <line num="306" count="0" type="cond" truecount="0" falsecount="35"/>
        <line num="307" count="0" type="cond" truecount="0" falsecount="10"/>
        <line num="308" count="0" type="cond" truecount="0" falsecount="39"/>
        <line num="309" count="0" type="cond" truecount="0" falsecount="33"/>
        <line num="310" count="0" type="stmt"/>
        <line num="311" count="0" type="stmt"/>
        <line num="321" count="0" type="cond" truecount="0" falsecount="113"/>
        <line num="322" count="0" type="stmt"/>
        <line num="323" count="0" type="cond" truecount="0" falsecount="3720"/>
        <line num="324" count="0" type="cond" truecount="0" falsecount="39"/>
        <line num="325" count="0" type="cond" truecount="0" falsecount="33"/>
        <line num="326" count="0" type="cond" truecount="0" falsecount="39"/>
        <line num="327" count="0" type="cond" truecount="0" falsecount="33"/>
        <line num="328" count="0" type="cond" truecount="0" falsecount="44"/>
        <line num="329" count="0" type="cond" truecount="0" falsecount="6"/>
        <line num="330" count="0" type="cond" truecount="0" falsecount="39"/>
        <line num="331" count="0" type="stmt"/>
        <line num="332" count="0" type="cond" truecount="0" falsecount="16"/>
        <line num="333" count="0" type="stmt"/>
        <line num="334" count="0" type="stmt"/>
        <line num="335" count="0" type="cond" truecount="0" falsecount="69"/>
        <line num="336" count="0" type="cond" truecount="0" falsecount="132"/>
        <line num="337" count="0" type="cond" truecount="0" falsecount="33"/>
        <line num="338" count="0" type="cond" truecount="0" falsecount="2"/>
        <line num="339" count="0" type="cond" truecount="0" falsecount="10"/>
        <line num="340" count="0" type="cond" truecount="0" falsecount="195"/>
        <line num="341" count="0" type="cond" truecount="0" falsecount="2"/>
        <line num="342" count="0" type="cond" truecount="0" falsecount="39"/>
        <line num="343" count="0" type="cond" truecount="0" falsecount="33"/>
        <line num="344" count="0" type="stmt"/>
        <line num="345" count="0" type="stmt"/>
        <line num="346" count="0" type="cond" truecount="0" falsecount="4"/>
        <line num="347" count="0" type="cond" truecount="0" falsecount="4"/>
        <line num="348" count="0" type="cond" truecount="0" falsecount="118"/>
        <line num="349" count="0" type="cond" truecount="0" falsecount="125"/>
        <line num="350" count="0" type="stmt"/>
        <line num="351" count="0" type="cond" truecount="0" falsecount="2"/>
        <line num="352" count="0" type="cond" truecount="0" falsecount="111"/>
        <line num="353" count="0" type="cond" truecount="0" falsecount="30"/>
        <line num="354" count="0" type="cond" truecount="0" falsecount="112"/>
        <line num="355" count="0" type="cond" truecount="0" falsecount="39"/>
        <line num="356" count="0" type="cond" truecount="0" falsecount="35"/>
        <line num="357" count="0" type="stmt"/>
        <line num="358" count="0" type="cond" truecount="0" falsecount="39"/>
        <line num="359" count="0" type="cond" truecount="0" falsecount="35"/>
        <line num="360" count="0" type="cond" truecount="0" falsecount="71"/>
        <line num="361" count="0" type="cond" truecount="0" falsecount="57"/>
        <line num="362" count="0" type="cond" truecount="0" falsecount="21"/>
        <line num="363" count="0" type="cond" truecount="0" falsecount="10"/>
        <line num="364" count="0" type="cond" truecount="0" falsecount="82"/>
        <line num="365" count="0" type="cond" truecount="0" falsecount="7"/>
        <line num="366" count="0" type="cond" truecount="0" falsecount="35"/>
        <line num="367" count="0" type="cond" truecount="0" falsecount="22"/>
        <line num="368" count="0" type="cond" truecount="0" falsecount="32"/>
        <line num="369" count="0" type="cond" truecount="0" falsecount="29"/>
        <line num="370" count="0" type="cond" truecount="0" falsecount="9"/>
        <line num="371" count="0" type="cond" truecount="0" falsecount="25"/>
        <line num="372" count="0" type="cond" truecount="0" falsecount="20"/>
        <line num="373" count="0" type="cond" truecount="0" falsecount="53"/>
        <line num="374" count="0" type="cond" truecount="0" falsecount="53"/>
        <line num="375" count="0" type="cond" truecount="0" falsecount="77"/>
        <line num="376" count="0" type="cond" truecount="0" falsecount="83"/>
        <line num="377" count="0" type="cond" truecount="0" falsecount="28"/>
        <line num="378" count="0" type="cond" truecount="0" falsecount="117"/>
        <line num="379" count="0" type="cond" truecount="0" falsecount="98"/>
        <line num="380" count="0" type="cond" truecount="0" falsecount="6"/>
        <line num="381" count="0" type="cond" truecount="0" falsecount="32"/>
        <line num="382" count="0" type="cond" truecount="0" falsecount="37"/>
        <line num="383" count="0" type="cond" truecount="0" falsecount="91"/>
        <line num="384" count="0" type="cond" truecount="0" falsecount="7"/>
        <line num="385" count="0" type="cond" truecount="0" falsecount="4"/>
        <line num="386" count="0" type="cond" truecount="0" falsecount="142"/>
        <line num="387" count="0" type="cond" truecount="0" falsecount="41"/>
        <line num="388" count="0" type="cond" truecount="0" falsecount="14"/>
        <line num="389" count="0" type="cond" truecount="0" falsecount="10"/>
        <line num="390" count="0" type="cond" truecount="0" falsecount="22"/>
        <line num="391" count="0" type="cond" truecount="0" falsecount="10"/>
        <line num="392" count="0" type="cond" truecount="0" falsecount="14"/>
        <line num="393" count="0" type="cond" truecount="0" falsecount="14"/>
        <line num="394" count="0" type="cond" truecount="0" falsecount="12"/>
        <line num="395" count="0" type="cond" truecount="0" falsecount="14"/>
        <line num="396" count="0" type="cond" truecount="0" falsecount="33"/>
        <line num="397" count="0" type="cond" truecount="0" falsecount="105"/>
        <line num="398" count="0" type="stmt"/>
        <line num="399" count="0" type="cond" truecount="0" falsecount="117"/>
        <line num="400" count="0" type="cond" truecount="0" falsecount="421"/>
        <line num="401" count="0" type="cond" truecount="0" falsecount="4"/>
        <line num="402" count="0" type="stmt"/>
        <line num="403" count="0" type="cond" truecount="0" falsecount="35"/>
        <line num="404" count="0" type="cond" truecount="0" falsecount="10"/>
        <line num="405" count="0" type="cond" truecount="0" falsecount="43"/>
        <line num="406" count="0" type="cond" truecount="0" falsecount="53"/>
        <line num="407" count="0" type="cond" truecount="0" falsecount="45"/>
        <line num="408" count="0" type="cond" truecount="0" falsecount="51"/>
        <line num="409" count="0" type="cond" truecount="0" falsecount="68"/>
        <line num="410" count="0" type="cond" truecount="0" falsecount="35"/>
        <line num="411" count="0" type="cond" truecount="0" falsecount="45"/>
        <line num="412" count="0" type="cond" truecount="0" falsecount="151"/>
        <line num="413" count="0" type="cond" truecount="0" falsecount="17"/>
        <line num="414" count="0" type="cond" truecount="0" falsecount="33"/>
        <line num="415" count="0" type="cond" truecount="0" falsecount="121"/>
        <line num="416" count="0" type="cond" truecount="0" falsecount="2"/>
        <line num="417" count="0" type="cond" truecount="0" falsecount="33"/>
        <line num="418" count="0" type="cond" truecount="0" falsecount="41"/>
        <line num="419" count="0" type="cond" truecount="0" falsecount="21"/>
        <line num="420" count="0" type="cond" truecount="0" falsecount="2"/>
        <line num="421" count="0" type="cond" truecount="0" falsecount="33"/>
        <line num="422" count="0" type="cond" truecount="0" falsecount="39"/>
        <line num="423" count="0" type="cond" truecount="0" falsecount="33"/>
        <line num="424" count="0" type="cond" truecount="0" falsecount="33"/>
        <line num="425" count="0" type="cond" truecount="0" falsecount="37"/>
        <line num="426" count="0" type="cond" truecount="0" falsecount="44"/>
        <line num="427" count="0" type="cond" truecount="0" falsecount="39"/>
        <line num="428" count="0" type="cond" truecount="0" falsecount="35"/>
        <line num="429" count="0" type="cond" truecount="0" falsecount="39"/>
        <line num="430" count="0" type="cond" truecount="0" falsecount="33"/>
        <line num="431" count="0" type="cond" truecount="0" falsecount="262"/>
        <line num="432" count="0" type="stmt"/>
        <line num="433" count="0" type="cond" truecount="0" falsecount="33"/>
        <line num="434" count="0" type="cond" truecount="0" falsecount="33"/>
        <line num="435" count="0" type="cond" truecount="0" falsecount="33"/>
        <line num="436" count="0" type="stmt"/>
        <line num="437" count="0" type="stmt"/>
        <line num="438" count="0" type="cond" truecount="0" falsecount="10"/>
        <line num="439" count="0" type="cond" truecount="0" falsecount="39"/>
        <line num="440" count="0" type="cond" truecount="0" falsecount="33"/>
        <line num="441" count="0" type="cond" truecount="0" falsecount="31"/>
        <line num="442" count="0" type="stmt"/>
        <line num="443" count="0" type="cond" truecount="0" falsecount="8"/>
        <line num="444" count="0" type="cond" truecount="0" falsecount="59"/>
        <line num="445" count="0" type="cond" truecount="0" falsecount="39"/>
        <line num="446" count="0" type="cond" truecount="0" falsecount="33"/>
        <line num="447" count="0" type="cond" truecount="0" falsecount="4"/>
        <line num="448" count="0" type="cond" truecount="0" falsecount="33"/>
        <line num="449" count="0" type="cond" truecount="0" falsecount="33"/>
        <line num="450" count="0" type="cond" truecount="0" falsecount="78"/>
        <line num="451" count="0" type="stmt"/>
        <line num="452" count="0" type="cond" truecount="0" falsecount="33"/>
        <line num="453" count="0" type="cond" truecount="0" falsecount="61"/>
        <line num="454" count="0" type="cond" truecount="0" falsecount="33"/>
        <line num="455" count="0" type="cond" truecount="0" falsecount="33"/>
        <line num="456" count="0" type="cond" truecount="0" falsecount="57"/>
        <line num="457" count="0" type="cond" truecount="0" falsecount="78"/>
        <line num="458" count="0" type="cond" truecount="0" falsecount="39"/>
        <line num="459" count="0" type="cond" truecount="0" falsecount="35"/>
        <line num="460" count="0" type="cond" truecount="0" falsecount="39"/>
        <line num="461" count="0" type="cond" truecount="0" falsecount="35"/>
        <line num="462" count="0" type="cond" truecount="0" falsecount="39"/>
        <line num="463" count="0" type="cond" truecount="0" falsecount="33"/>
        <line num="464" count="0" type="cond" truecount="0" falsecount="43"/>
        <line num="465" count="0" type="cond" truecount="0" falsecount="33"/>
        <line num="466" count="0" type="cond" truecount="0" falsecount="33"/>
        <line num="467" count="0" type="cond" truecount="0" falsecount="5"/>
        <line num="468" count="0" type="cond" truecount="0" falsecount="39"/>
        <line num="469" count="0" type="stmt"/>
        <line num="470" count="0" type="cond" truecount="0" falsecount="37"/>
        <line num="471" count="0" type="cond" truecount="0" falsecount="33"/>
        <line num="472" count="0" type="cond" truecount="0" falsecount="88"/>
        <line num="473" count="0" type="cond" truecount="0" falsecount="25"/>
        <line num="474" count="0" type="stmt"/>
        <line num="475" count="0" type="cond" truecount="0" falsecount="39"/>
        <line num="476" count="0" type="cond" truecount="0" falsecount="33"/>
        <line num="477" count="0" type="cond" truecount="0" falsecount="39"/>
        <line num="478" count="0" type="stmt"/>
        <line num="479" count="0" type="cond" truecount="0" falsecount="8"/>
        <line num="480" count="0" type="cond" truecount="0" falsecount="39"/>
        <line num="481" count="0" type="cond" truecount="0" falsecount="33"/>
        <line num="482" count="0" type="cond" truecount="0" falsecount="103"/>
        <line num="483" count="0" type="cond" truecount="0" falsecount="58"/>
        <line num="484" count="0" type="cond" truecount="0" falsecount="59"/>
        <line num="485" count="0" type="cond" truecount="0" falsecount="39"/>
        <line num="486" count="0" type="cond" truecount="0" falsecount="33"/>
        <line num="487" count="0" type="cond" truecount="0" falsecount="39"/>
        <line num="488" count="0" type="cond" truecount="0" falsecount="33"/>
        <line num="489" count="0" type="cond" truecount="0" falsecount="211"/>
        <line num="490" count="0" type="cond" truecount="0" falsecount="191"/>
        <line num="491" count="0" type="stmt"/>
        <line num="492" count="0" type="cond" truecount="0" falsecount="14"/>
        <line num="493" count="0" type="stmt"/>
        <line num="494" count="0" type="cond" truecount="0" falsecount="128"/>
        <line num="495" count="0" type="cond" truecount="0" falsecount="78"/>
        <line num="496" count="0" type="stmt"/>
        <line num="497" count="0" type="stmt"/>
        <line num="498" count="0" type="cond" truecount="0" falsecount="16"/>
        <line num="499" count="0" type="cond" truecount="0" falsecount="39"/>
        <line num="500" count="0" type="cond" truecount="0" falsecount="33"/>
        <line num="501" count="0" type="cond" truecount="0" falsecount="15"/>
        <line num="502" count="0" type="stmt"/>
        <line num="503" count="0" type="cond" truecount="0" falsecount="33"/>
        <line num="504" count="0" type="cond" truecount="0" falsecount="17"/>
        <line num="505" count="0" type="cond" truecount="0" falsecount="4"/>
        <line num="506" count="0" type="cond" truecount="0" falsecount="39"/>
        <line num="507" count="0" type="cond" truecount="0" falsecount="33"/>
        <line num="508" count="0" type="stmt"/>
        <line num="509" count="0" type="cond" truecount="0" falsecount="39"/>
        <line num="510" count="0" type="cond" truecount="0" falsecount="33"/>
        <line num="511" count="0" type="stmt"/>
        <line num="512" count="0" type="stmt"/>
        <line num="513" count="0" type="cond" truecount="0" falsecount="33"/>
        <line num="514" count="0" type="stmt"/>
        <line num="515" count="0" type="cond" truecount="0" falsecount="39"/>
        <line num="516" count="0" type="cond" truecount="0" falsecount="33"/>
        <line num="517" count="0" type="cond" truecount="0" falsecount="4"/>
        <line num="518" count="0" type="cond" truecount="0" falsecount="39"/>
        <line num="519" count="0" type="cond" truecount="0" falsecount="33"/>
        <line num="520" count="0" type="cond" truecount="0" falsecount="39"/>
        <line num="521" count="0" type="cond" truecount="0" falsecount="33"/>
        <line num="522" count="0" type="cond" truecount="0" falsecount="33"/>
        <line num="523" count="0" type="cond" truecount="0" falsecount="78"/>
        <line num="524" count="0" type="stmt"/>
        <line num="525" count="0" type="cond" truecount="0" falsecount="8"/>
        <line num="526" count="0" type="cond" truecount="0" falsecount="30"/>
        <line num="527" count="0" type="cond" truecount="0" falsecount="38"/>
        <line num="528" count="0" type="cond" truecount="0" falsecount="5"/>
        <line num="529" count="0" type="cond" truecount="0" falsecount="39"/>
        <line num="530" count="0" type="cond" truecount="0" falsecount="33"/>
        <line num="531" count="0" type="cond" truecount="0" falsecount="32"/>
        <line num="532" count="0" type="cond" truecount="0" falsecount="39"/>
        <line num="533" count="0" type="cond" truecount="0" falsecount="33"/>
        <line num="534" count="0" type="stmt"/>
        <line num="535" count="0" type="cond" truecount="0" falsecount="14"/>
        <line num="536" count="0" type="cond" truecount="0" falsecount="39"/>
        <line num="537" count="0" type="cond" truecount="0" falsecount="33"/>
        <line num="538" count="0" type="stmt"/>
        <line num="539" count="0" type="cond" truecount="0" falsecount="39"/>
        <line num="540" count="0" type="cond" truecount="0" falsecount="33"/>
        <line num="541" count="0" type="cond" truecount="0" falsecount="2"/>
        <line num="542" count="0" type="stmt"/>
        <line num="543" count="0" type="cond" truecount="0" falsecount="13"/>
        <line num="544" count="0" type="cond" truecount="0" falsecount="39"/>
        <line num="545" count="0" type="cond" truecount="0" falsecount="33"/>
        <line num="546" count="0" type="stmt"/>
        <line num="547" count="0" type="cond" truecount="0" falsecount="39"/>
        <line num="548" count="0" type="stmt"/>
        <line num="549" count="0" type="stmt"/>
        <line num="550" count="0" type="cond" truecount="0" falsecount="15"/>
        <line num="551" count="0" type="cond" truecount="0" falsecount="116"/>
        <line num="552" count="0" type="cond" truecount="0" falsecount="33"/>
        <line num="553" count="0" type="cond" truecount="0" falsecount="2"/>
        <line num="554" count="0" type="cond" truecount="0" falsecount="43"/>
        <line num="555" count="0" type="stmt"/>
        <line num="556" count="0" type="stmt"/>
        <line num="557" count="0" type="stmt"/>
        <line num="558" count="0" type="stmt"/>
        <line num="559" count="0" type="stmt"/>
        <line num="560" count="0" type="stmt"/>
        <line num="561" count="0" type="cond" truecount="0" falsecount="37"/>
        <line num="562" count="0" type="stmt"/>
        <line num="563" count="0" type="stmt"/>
        <line num="564" count="0" type="cond" truecount="0" falsecount="8"/>
        <line num="565" count="0" type="stmt"/>
        <line num="566" count="0" type="stmt"/>
        <line num="567" count="0" type="cond" truecount="0" falsecount="11"/>
        <line num="568" count="0" type="stmt"/>
        <line num="569" count="0" type="stmt"/>
        <line num="570" count="0" type="stmt"/>
        <line num="571" count="0" type="cond" truecount="0" falsecount="62"/>
        <line num="572" count="0" type="cond" truecount="0" falsecount="33"/>
        <line num="573" count="0" type="stmt"/>
        <line num="574" count="0" type="stmt"/>
        <line num="575" count="0" type="stmt"/>
        <line num="576" count="0" type="stmt"/>
        <line num="577" count="0" type="stmt"/>
        <line num="578" count="0" type="stmt"/>
        <line num="579" count="0" type="cond" truecount="0" falsecount="35"/>
        <line num="580" count="0" type="stmt"/>
        <line num="581" count="0" type="cond" truecount="0" falsecount="33"/>
        <line num="582" count="0" type="cond" truecount="0" falsecount="35"/>
        <line num="583" count="0" type="cond" truecount="0" falsecount="135"/>
        <line num="584" count="0" type="cond" truecount="0" falsecount="33"/>
        <line num="585" count="0" type="stmt"/>
        <line num="586" count="0" type="cond" truecount="0" falsecount="15"/>
        <line num="587" count="0" type="stmt"/>
        <line num="588" count="0" type="stmt"/>
        <line num="589" count="0" type="stmt"/>
        <line num="590" count="0" type="stmt"/>
        <line num="591" count="0" type="stmt"/>
        <line num="592" count="0" type="stmt"/>
        <line num="593" count="0" type="stmt"/>
        <line num="594" count="0" type="cond" truecount="0" falsecount="7"/>
        <line num="595" count="0" type="cond" truecount="0" falsecount="34"/>
        <line num="596" count="0" type="cond" truecount="0" falsecount="39"/>
        <line num="597" count="0" type="cond" truecount="0" falsecount="45"/>
        <line num="598" count="0" type="cond" truecount="0" falsecount="22"/>
        <line num="599" count="0" type="cond" truecount="0" falsecount="32"/>
        <line num="600" count="0" type="cond" truecount="0" falsecount="20"/>
        <line num="601" count="0" type="cond" truecount="0" falsecount="10"/>
        <line num="602" count="0" type="stmt"/>
        <line num="603" count="0" type="stmt"/>
        <line num="604" count="0" type="cond" truecount="0" falsecount="172"/>
        <line num="605" count="0" type="cond" truecount="0" falsecount="11"/>
        <line num="606" count="0" type="stmt"/>
        <line num="613" count="0" type="cond" truecount="0" falsecount="689"/>
        <line num="614" count="0" type="stmt"/>
        <line num="616" count="0" type="cond" truecount="0" falsecount="41"/>
        <line num="617" count="0" type="stmt"/>
        <line num="618" count="0" type="stmt"/>
        <line num="619" count="0" type="cond" truecount="0" falsecount="37"/>
        <line num="620" count="0" type="cond" truecount="0" falsecount="58"/>
        <line num="621" count="0" type="cond" truecount="0" falsecount="14"/>
        <line num="622" count="0" type="cond" truecount="0" falsecount="8"/>
        <line num="623" count="0" type="cond" truecount="0" falsecount="47"/>
        <line num="624" count="0" type="cond" truecount="0" falsecount="6"/>
        <line num="625" count="0" type="cond" truecount="0" falsecount="90"/>
        <line num="626" count="0" type="cond" truecount="0" falsecount="40"/>
        <line num="627" count="0" type="cond" truecount="0" falsecount="378"/>
        <line num="628" count="0" type="cond" truecount="0" falsecount="332"/>
        <line num="629" count="0" type="cond" truecount="0" falsecount="15"/>
        <line num="630" count="0" type="cond" truecount="0" falsecount="4"/>
        <line num="631" count="0" type="stmt"/>
        <line num="632" count="0" type="cond" truecount="0" falsecount="37"/>
        <line num="633" count="0" type="stmt"/>
        <line num="634" count="0" type="cond" truecount="0" falsecount="37"/>
        <line num="635" count="0" type="stmt"/>
        <line num="636" count="0" type="cond" truecount="0" falsecount="37"/>
        <line num="637" count="0" type="stmt"/>
        <line num="638" count="0" type="cond" truecount="0" falsecount="37"/>
        <line num="639" count="0" type="cond" truecount="0" falsecount="45"/>
        <line num="640" count="0" type="cond" truecount="0" falsecount="63"/>
        <line num="641" count="0" type="stmt"/>
        <line num="642" count="0" type="stmt"/>
        <line num="643" count="0" type="cond" truecount="0" falsecount="49"/>
        <line num="644" count="0" type="cond" truecount="0" falsecount="14"/>
        <line num="645" count="0" type="cond" truecount="0" falsecount="2"/>
        <line num="646" count="0" type="cond" truecount="0" falsecount="37"/>
        <line num="647" count="0" type="stmt"/>
        <line num="648" count="0" type="cond" truecount="0" falsecount="37"/>
        <line num="649" count="0" type="cond" truecount="0" falsecount="76"/>
        <line num="650" count="0" type="stmt"/>
        <line num="651" count="0" type="stmt"/>
        <line num="652" count="0" type="cond" truecount="0" falsecount="37"/>
        <line num="653" count="0" type="stmt"/>
        <line num="654" count="0" type="cond" truecount="0" falsecount="48"/>
        <line num="655" count="0" type="stmt"/>
        <line num="656" count="0" type="stmt"/>
        <line num="657" count="0" type="cond" truecount="0" falsecount="37"/>
        <line num="658" count="0" type="stmt"/>
        <line num="659" count="0" type="cond" truecount="0" falsecount="45"/>
        <line num="660" count="0" type="stmt"/>
        <line num="661" count="0" type="cond" truecount="0" falsecount="43"/>
        <line num="662" count="0" type="cond" truecount="0" falsecount="2"/>
        <line num="663" count="0" type="cond" truecount="0" falsecount="43"/>
        <line num="664" count="0" type="cond" truecount="0" falsecount="45"/>
        <line num="665" count="0" type="stmt"/>
        <line num="666" count="0" type="cond" truecount="0" falsecount="37"/>
        <line num="667" count="0" type="stmt"/>
        <line num="668" count="0" type="cond" truecount="0" falsecount="6"/>
        <line num="669" count="0" type="cond" truecount="0" falsecount="86"/>
        <line num="670" count="0" type="stmt"/>
        <line num="671" count="0" type="stmt"/>
        <line num="672" count="0" type="stmt"/>
        <line num="673" count="0" type="cond" truecount="0" falsecount="37"/>
        <line num="674" count="0" type="stmt"/>
        <line num="675" count="0" type="cond" truecount="0" falsecount="43"/>
        <line num="676" count="0" type="stmt"/>
        <line num="677" count="0" type="cond" truecount="0" falsecount="44"/>
        <line num="678" count="0" type="stmt"/>
        <line num="679" count="0" type="cond" truecount="0" falsecount="53"/>
        <line num="680" count="0" type="stmt"/>
        <line num="681" count="0" type="cond" truecount="0" falsecount="47"/>
        <line num="682" count="0" type="stmt"/>
        <line num="683" count="0" type="cond" truecount="0" falsecount="4"/>
        <line num="684" count="0" type="cond" truecount="0" falsecount="63"/>
        <line num="685" count="0" type="stmt"/>
        <line num="686" count="0" type="cond" truecount="0" falsecount="6"/>
        <line num="687" count="0" type="cond" truecount="0" falsecount="4"/>
        <line num="688" count="0" type="stmt"/>
        <line num="689" count="0" type="cond" truecount="0" falsecount="4"/>
        <line num="690" count="0" type="cond" truecount="0" falsecount="4"/>
        <line num="691" count="0" type="cond" truecount="0" falsecount="4"/>
        <line num="692" count="0" type="stmt"/>
        <line num="693" count="0" type="cond" truecount="0" falsecount="4"/>
        <line num="694" count="0" type="cond" truecount="0" falsecount="4"/>
        <line num="695" count="0" type="cond" truecount="0" falsecount="4"/>
        <line num="696" count="0" type="cond" truecount="0" falsecount="4"/>
        <line num="697" count="0" type="cond" truecount="0" falsecount="6"/>
        <line num="698" count="0" type="cond" truecount="0" falsecount="37"/>
        <line num="699" count="0" type="stmt"/>
        <line num="700" count="0" type="cond" truecount="0" falsecount="4"/>
        <line num="701" count="0" type="stmt"/>
        <line num="702" count="0" type="cond" truecount="0" falsecount="4"/>
        <line num="703" count="0" type="stmt"/>
        <line num="704" count="0" type="cond" truecount="0" falsecount="6"/>
        <line num="705" count="0" type="cond" truecount="0" falsecount="4"/>
        <line num="706" count="0" type="stmt"/>
        <line num="707" count="0" type="cond" truecount="0" falsecount="4"/>
        <line num="708" count="0" type="cond" truecount="0" falsecount="4"/>
        <line num="709" count="0" type="cond" truecount="0" falsecount="4"/>
        <line num="710" count="0" type="cond" truecount="0" falsecount="4"/>
        <line num="711" count="0" type="cond" truecount="0" falsecount="4"/>
        <line num="712" count="0" type="cond" truecount="0" falsecount="4"/>
        <line num="713" count="0" type="cond" truecount="0" falsecount="4"/>
        <line num="714" count="0" type="cond" truecount="0" falsecount="4"/>
        <line num="715" count="0" type="stmt"/>
        <line num="716" count="0" type="stmt"/>
        <line num="717" count="0" type="stmt"/>
        <line num="718" count="0" type="stmt"/>
        <line num="719" count="0" type="cond" truecount="0" falsecount="34"/>
        <line num="720" count="0" type="cond" truecount="0" falsecount="34"/>
        <line num="721" count="0" type="cond" truecount="0" falsecount="34"/>
        <line num="722" count="0" type="cond" truecount="0" falsecount="34"/>
        <line num="723" count="0" type="cond" truecount="0" falsecount="42"/>
        <line num="724" count="0" type="cond" truecount="0" falsecount="34"/>
        <line num="725" count="0" type="cond" truecount="0" falsecount="34"/>
        <line num="726" count="0" type="cond" truecount="0" falsecount="34"/>
        <line num="727" count="0" type="cond" truecount="0" falsecount="36"/>
        <line num="728" count="0" type="cond" truecount="0" falsecount="34"/>
        <line num="729" count="0" type="cond" truecount="0" falsecount="34"/>
        <line num="730" count="0" type="cond" truecount="0" falsecount="34"/>
        <line num="731" count="0" type="cond" truecount="0" falsecount="34"/>
        <line num="732" count="0" type="cond" truecount="0" falsecount="34"/>
        <line num="733" count="0" type="cond" truecount="0" falsecount="36"/>
        <line num="734" count="0" type="cond" truecount="0" falsecount="34"/>
        <line num="735" count="0" type="cond" truecount="0" falsecount="34"/>
        <line num="736" count="0" type="cond" truecount="0" falsecount="34"/>
        <line num="737" count="0" type="cond" truecount="0" falsecount="34"/>
        <line num="738" count="0" type="cond" truecount="0" falsecount="38"/>
        <line num="739" count="0" type="cond" truecount="0" falsecount="36"/>
        <line num="740" count="0" type="cond" truecount="0" falsecount="34"/>
        <line num="741" count="0" type="cond" truecount="0" falsecount="40"/>
        <line num="742" count="0" type="cond" truecount="0" falsecount="36"/>
        <line num="743" count="0" type="cond" truecount="0" falsecount="34"/>
        <line num="744" count="0" type="cond" truecount="0" falsecount="36"/>
        <line num="745" count="0" type="cond" truecount="0" falsecount="34"/>
        <line num="746" count="0" type="cond" truecount="0" falsecount="34"/>
        <line num="747" count="0" type="cond" truecount="0" falsecount="40"/>
        <line num="748" count="0" type="cond" truecount="0" falsecount="34"/>
        <line num="749" count="0" type="cond" truecount="0" falsecount="34"/>
        <line num="750" count="0" type="cond" truecount="0" falsecount="34"/>
        <line num="751" count="0" type="cond" truecount="0" falsecount="34"/>
        <line num="752" count="0" type="cond" truecount="0" falsecount="34"/>
        <line num="753" count="0" type="cond" truecount="0" falsecount="36"/>
        <line num="754" count="0" type="cond" truecount="0" falsecount="34"/>
        <line num="755" count="0" type="cond" truecount="0" falsecount="36"/>
        <line num="756" count="0" type="cond" truecount="0" falsecount="34"/>
        <line num="757" count="0" type="cond" truecount="0" falsecount="34"/>
        <line num="758" count="0" type="cond" truecount="0" falsecount="36"/>
        <line num="759" count="0" type="cond" truecount="0" falsecount="38"/>
        <line num="760" count="0" type="cond" truecount="0" falsecount="34"/>
        <line num="761" count="0" type="cond" truecount="0" falsecount="36"/>
        <line num="762" count="0" type="cond" truecount="0" falsecount="34"/>
        <line num="763" count="0" type="cond" truecount="0" falsecount="38"/>
        <line num="764" count="0" type="cond" truecount="0" falsecount="36"/>
        <line num="765" count="0" type="cond" truecount="0" falsecount="34"/>
        <line num="766" count="0" type="cond" truecount="0" falsecount="36"/>
        <line num="767" count="0" type="cond" truecount="0" falsecount="34"/>
        <line num="768" count="0" type="cond" truecount="0" falsecount="34"/>
        <line num="769" count="0" type="cond" truecount="0" falsecount="34"/>
        <line num="770" count="0" type="cond" truecount="0" falsecount="36"/>
        <line num="771" count="0" type="cond" truecount="0" falsecount="36"/>
        <line num="772" count="0" type="cond" truecount="0" falsecount="36"/>
        <line num="773" count="0" type="cond" truecount="0" falsecount="40"/>
        <line num="774" count="0" type="cond" truecount="0" falsecount="34"/>
        <line num="775" count="0" type="cond" truecount="0" falsecount="34"/>
        <line num="776" count="0" type="cond" truecount="0" falsecount="34"/>
        <line num="777" count="0" type="cond" truecount="0" falsecount="40"/>
        <line num="778" count="0" type="cond" truecount="0" falsecount="36"/>
        <line num="779" count="0" type="cond" truecount="0" falsecount="36"/>
        <line num="780" count="0" type="cond" truecount="0" falsecount="34"/>
        <line num="781" count="0" type="cond" truecount="0" falsecount="36"/>
        <line num="782" count="0" type="cond" truecount="0" falsecount="36"/>
        <line num="783" count="0" type="cond" truecount="0" falsecount="34"/>
        <line num="784" count="0" type="cond" truecount="0" falsecount="34"/>
        <line num="785" count="0" type="cond" truecount="0" falsecount="34"/>
        <line num="786" count="0" type="cond" truecount="0" falsecount="34"/>
        <line num="787" count="0" type="cond" truecount="0" falsecount="40"/>
        <line num="788" count="0" type="cond" truecount="0" falsecount="36"/>
        <line num="789" count="0" type="cond" truecount="0" falsecount="34"/>
        <line num="790" count="0" type="cond" truecount="0" falsecount="34"/>
        <line num="791" count="0" type="cond" truecount="0" falsecount="38"/>
        <line num="792" count="0" type="cond" truecount="0" falsecount="34"/>
        <line num="793" count="0" type="cond" truecount="0" falsecount="34"/>
        <line num="794" count="0" type="cond" truecount="0" falsecount="34"/>
        <line num="795" count="0" type="cond" truecount="0" falsecount="36"/>
        <line num="796" count="0" type="cond" truecount="0" falsecount="34"/>
        <line num="797" count="0" type="cond" truecount="0" falsecount="34"/>
        <line num="798" count="0" type="cond" truecount="0" falsecount="36"/>
        <line num="799" count="0" type="cond" truecount="0" falsecount="36"/>
        <line num="800" count="0" type="cond" truecount="0" falsecount="34"/>
        <line num="801" count="0" type="cond" truecount="0" falsecount="34"/>
        <line num="802" count="0" type="cond" truecount="0" falsecount="36"/>
        <line num="803" count="0" type="cond" truecount="0" falsecount="36"/>
        <line num="804" count="0" type="cond" truecount="0" falsecount="34"/>
        <line num="805" count="0" type="cond" truecount="0" falsecount="36"/>
        <line num="806" count="0" type="cond" truecount="0" falsecount="34"/>
        <line num="807" count="0" type="cond" truecount="0" falsecount="34"/>
        <line num="808" count="0" type="cond" truecount="0" falsecount="40"/>
        <line num="809" count="0" type="cond" truecount="0" falsecount="41"/>
        <line num="810" count="0" type="stmt"/>
        <line num="811" count="0" type="stmt"/>
        <line num="812" count="0" type="cond" truecount="0" falsecount="35"/>
        <line num="813" count="0" type="stmt"/>
        <line num="814" count="0" type="stmt"/>
        <line num="815" count="0" type="cond" truecount="0" falsecount="35"/>
        <line num="816" count="0" type="stmt"/>
        <line num="817" count="0" type="stmt"/>
        <line num="818" count="0" type="cond" truecount="0" falsecount="33"/>
        <line num="819" count="0" type="stmt"/>
        <line num="820" count="0" type="cond" truecount="0" falsecount="33"/>
        <line num="821" count="0" type="stmt"/>
        <line num="822" count="0" type="cond" truecount="0" falsecount="33"/>
        <line num="823" count="0" type="stmt"/>
        <line num="824" count="0" type="cond" truecount="0" falsecount="33"/>
        <line num="825" count="0" type="stmt"/>
        <line num="826" count="0" type="cond" truecount="0" falsecount="35"/>
        <line num="827" count="0" type="stmt"/>
        <line num="828" count="0" type="stmt"/>
        <line num="829" count="0" type="cond" truecount="0" falsecount="35"/>
        <line num="830" count="0" type="stmt"/>
        <line num="831" count="0" type="stmt"/>
        <line num="832" count="0" type="stmt"/>
        <line num="833" count="0" type="stmt"/>
        <line num="834" count="0" type="cond" truecount="0" falsecount="35"/>
        <line num="835" count="0" type="stmt"/>
        <line num="836" count="0" type="stmt"/>
        <line num="837" count="0" type="stmt"/>
        <line num="838" count="0" type="stmt"/>
        <line num="839" count="0" type="cond" truecount="0" falsecount="35"/>
        <line num="840" count="0" type="stmt"/>
        <line num="841" count="0" type="stmt"/>
        <line num="842" count="0" type="cond" truecount="0" falsecount="33"/>
        <line num="843" count="0" type="stmt"/>
        <line num="844" count="0" type="cond" truecount="0" falsecount="33"/>
        <line num="845" count="0" type="stmt"/>
        <line num="846" count="0" type="cond" truecount="0" falsecount="33"/>
        <line num="847" count="0" type="stmt"/>
        <line num="848" count="0" type="cond" truecount="0" falsecount="33"/>
        <line num="849" count="0" type="stmt"/>
        <line num="850" count="0" type="cond" truecount="0" falsecount="33"/>
        <line num="851" count="0" type="stmt"/>
        <line num="852" count="0" type="cond" truecount="0" falsecount="33"/>
        <line num="853" count="0" type="stmt"/>
        <line num="854" count="0" type="cond" truecount="0" falsecount="35"/>
        <line num="855" count="0" type="stmt"/>
        <line num="856" count="0" type="stmt"/>
        <line num="857" count="0" type="stmt"/>
        <line num="858" count="0" type="stmt"/>
        <line num="859" count="0" type="cond" truecount="0" falsecount="35"/>
        <line num="860" count="0" type="stmt"/>
        <line num="861" count="0" type="stmt"/>
        <line num="862" count="0" type="cond" truecount="0" falsecount="35"/>
        <line num="863" count="0" type="stmt"/>
        <line num="864" count="0" type="stmt"/>
        <line num="865" count="0" type="cond" truecount="0" falsecount="33"/>
        <line num="866" count="0" type="stmt"/>
        <line num="867" count="0" type="cond" truecount="0" falsecount="35"/>
        <line num="868" count="0" type="stmt"/>
        <line num="869" count="0" type="stmt"/>
        <line num="870" count="0" type="cond" truecount="0" falsecount="33"/>
        <line num="871" count="0" type="stmt"/>
        <line num="872" count="0" type="cond" truecount="0" falsecount="35"/>
        <line num="873" count="0" type="stmt"/>
        <line num="874" count="0" type="stmt"/>
        <line num="875" count="0" type="cond" truecount="0" falsecount="35"/>
        <line num="876" count="0" type="stmt"/>
        <line num="877" count="0" type="stmt"/>
        <line num="878" count="0" type="cond" truecount="0" falsecount="35"/>
        <line num="879" count="0" type="stmt"/>
        <line num="880" count="0" type="stmt"/>
        <line num="881" count="0" type="cond" truecount="0" falsecount="35"/>
        <line num="882" count="0" type="stmt"/>
        <line num="883" count="0" type="stmt"/>
        <line num="884" count="0" type="cond" truecount="0" falsecount="39"/>
        <line num="885" count="0" type="stmt"/>
        <line num="886" count="0" type="stmt"/>
        <line num="887" count="0" type="cond" truecount="0" falsecount="20"/>
        <line num="888" count="0" type="cond" truecount="0" falsecount="65"/>
        <line num="889" count="0" type="stmt"/>
        <line num="890" count="0" type="cond" truecount="0" falsecount="48"/>
        <line num="891" count="0" type="stmt"/>
        <line num="892" count="0" type="stmt"/>
        <line num="893" count="0" type="cond" truecount="0" falsecount="22"/>
        <line num="894" count="0" type="cond" truecount="0" falsecount="8"/>
        <line num="895" count="0" type="stmt"/>
        <line num="896" count="0" type="cond" truecount="0" falsecount="4"/>
        <line num="897" count="0" type="stmt"/>
        <line num="898" count="0" type="stmt"/>
        <line num="899" count="0" type="cond" truecount="0" falsecount="4"/>
        <line num="900" count="0" type="stmt"/>
        <line num="901" count="0" type="stmt"/>
        <line num="902" count="0" type="stmt"/>
        <line num="903" count="0" type="cond" truecount="0" falsecount="18"/>
        <line num="904" count="0" type="cond" truecount="0" falsecount="2"/>
        <line num="905" count="0" type="stmt"/>
        <line num="906" count="0" type="stmt"/>
        <line num="907" count="0" type="cond" truecount="0" falsecount="28"/>
        <line num="908" count="0" type="cond" truecount="0" falsecount="10"/>
        <line num="909" count="0" type="cond" truecount="0" falsecount="10"/>
        <line num="910" count="0" type="stmt"/>
        <line num="911" count="0" type="stmt"/>
        <line num="912" count="0" type="cond" truecount="0" falsecount="19"/>
        <line num="913" count="0" type="stmt"/>
        <line num="914" count="0" type="cond" truecount="0" falsecount="15"/>
        <line num="915" count="0" type="cond" truecount="0" falsecount="6"/>
        <line num="916" count="0" type="cond" truecount="0" falsecount="4"/>
        <line num="917" count="0" type="cond" truecount="0" falsecount="20"/>
        <line num="918" count="0" type="cond" truecount="0" falsecount="75"/>
        <line num="919" count="0" type="cond" truecount="0" falsecount="4"/>
        <line num="920" count="0" type="stmt"/>
        <line num="921" count="0" type="cond" truecount="0" falsecount="35"/>
        <line num="922" count="0" type="cond" truecount="0" falsecount="37"/>
        <line num="923" count="0" type="stmt"/>
        <line num="924" count="0" type="stmt"/>
        <line num="925" count="0" type="cond" truecount="0" falsecount="35"/>
        <line num="926" count="0" type="cond" truecount="0" falsecount="37"/>
        <line num="927" count="0" type="cond" truecount="0" falsecount="33"/>
        <line num="928" count="0" type="cond" truecount="0" falsecount="132"/>
        <line num="929" count="0" type="cond" truecount="0" falsecount="37"/>
        <line num="930" count="0" type="cond" truecount="0" falsecount="41"/>
        <line num="931" count="0" type="stmt"/>
        <line num="932" count="0" type="stmt"/>
      </file>
    </package>
    <package name="HikeLink.config">
      <metrics statements="6" coveredstatements="1" conditionals="0" coveredconditionals="0" methods="0" coveredmethods="0"/>
      <file name="config.js" path="C:\Proiecte\HikeLink\config\config.js">
        <metrics statements="1" coveredstatements="1" conditionals="0" coveredconditionals="0" methods="0" coveredmethods="0"/>
        <line num="1" count="1" type="stmt"/>
      </file>
      <file name="firebase.js" path="C:\Proiecte\HikeLink\config\firebase.js">
        <metrics statements="5" coveredstatements="0" conditionals="0" coveredconditionals="0" methods="0" coveredmethods="0"/>
        <line num="8" count="0" type="stmt"/>
        <line num="19" count="0" type="stmt"/>
        <line num="22" count="0" type="stmt"/>
        <line num="27" count="0" type="stmt"/>
        <line num="30" count="0" type="stmt"/>
      </file>
    </package>
    <package name="HikeLink.context">
      <metrics statements="78" coveredstatements="8" conditionals="38" coveredconditionals="1" methods="15" coveredmethods="2"/>
      <file name="AuthContext.js" path="C:\Proiecte\HikeLink\context\AuthContext.js">
        <metrics statements="55" coveredstatements="2" conditionals="12" coveredconditionals="0" methods="10" coveredmethods="1"/>
        <line num="7" count="1" type="stmt"/>
        <line num="10" count="0" type="stmt"/>
        <line num="11" count="0" type="stmt"/>
        <line num="12" count="0" type="stmt"/>
        <line num="13" count="0" type="stmt"/>
        <line num="14" count="0" type="stmt"/>
        <line num="16" count="0" type="stmt"/>
        <line num="17" count="0" type="stmt"/>
        <line num="18" count="0" type="stmt"/>
        <line num="19" count="0" type="cond" truecount="0" falsecount="2"/>
        <line num="21" count="0" type="stmt"/>
        <line num="22" count="0" type="stmt"/>
        <line num="26" count="0" type="stmt"/>
        <line num="27" count="0" type="stmt"/>
        <line num="28" count="0" type="stmt"/>
        <line num="30" count="0" type="stmt"/>
        <line num="34" count="0" type="stmt"/>
        <line num="36" count="0" type="stmt"/>
        <line num="96" count="0" type="stmt"/>
        <line num="97" count="0" type="stmt"/>
        <line num="98" count="0" type="stmt"/>
        <line num="99" count="0" type="cond" truecount="0" falsecount="2"/>
        <line num="100" count="0" type="stmt"/>
        <line num="101" count="0" type="cond" truecount="0" falsecount="2"/>
        <line num="102" count="0" type="cond" truecount="0" falsecount="2"/>
        <line num="104" count="0" type="stmt"/>
        <line num="108" count="0" type="stmt"/>
        <line num="109" count="0" type="stmt"/>
        <line num="110" count="0" type="stmt"/>
        <line num="111" count="0" type="stmt"/>
        <line num="114" count="0" type="stmt"/>
        <line num="116" count="0" type="stmt"/>
        <line num="117" count="0" type="stmt"/>
        <line num="118" count="0" type="stmt"/>
        <line num="120" count="0" type="stmt"/>
        <line num="122" count="0" type="stmt"/>
        <line num="125" count="0" type="stmt"/>
        <line num="126" count="0" type="stmt"/>
        <line num="127" count="0" type="stmt"/>
        <line num="128" count="0" type="stmt"/>
        <line num="129" count="0" type="stmt"/>
        <line num="130" count="0" type="cond" truecount="0" falsecount="2"/>
        <line num="131" count="0" type="cond" truecount="0" falsecount="2"/>
        <line num="133" count="0" type="stmt"/>
        <line num="135" count="0" type="stmt"/>
        <line num="138" count="0" type="stmt"/>
        <line num="139" count="0" type="stmt"/>
        <line num="140" count="0" type="stmt"/>
        <line num="141" count="0" type="stmt"/>
        <line num="142" count="0" type="stmt"/>
        <line num="143" count="0" type="stmt"/>
        <line num="146" count="0" type="stmt"/>
        <line num="147" count="0" type="stmt"/>
        <line num="150" count="0" type="stmt"/>
        <line num="168" count="2" type="stmt"/>
      </file>
      <file name="ThemeContext.js" path="C:\Proiecte\HikeLink\context\ThemeContext.js">
        <metrics statements="23" coveredstatements="6" conditionals="26" coveredconditionals="1" methods="5" coveredmethods="1"/>
        <line num="4" count="1" type="stmt"/>
        <line num="6" count="1" type="stmt"/>
        <line num="7" count="0" type="stmt"/>
        <line num="9" count="0" type="stmt"/>
        <line num="11" count="0" type="stmt"/>
        <line num="12" count="0" type="stmt"/>
        <line num="13" count="0" type="stmt"/>
        <line num="14" count="0" type="stmt"/>
        <line num="16" count="0" type="stmt"/>
        <line num="19" count="0" type="stmt"/>
        <line num="22" count="0" type="stmt"/>
        <line num="23" count="0" type="stmt"/>
        <line num="24" count="0" type="stmt"/>
        <line num="25" count="0" type="stmt"/>
        <line num="26" count="0" type="stmt"/>
        <line num="28" count="0" type="stmt"/>
        <line num="32" count="0" type="stmt"/>
        <line num="55" count="0" type="stmt"/>
        <line num="62" count="1" type="stmt"/>
        <line num="63" count="18" type="stmt"/>
        <line num="64" count="14" type="cond" truecount="1" falsecount="1"/>
        <line num="65" count="14" type="stmt"/>
        <line num="67" count="0" type="stmt"/>
      </file>
    </package>
    <package name="HikeLink.navigation">
      <metrics statements="26" coveredstatements="0" conditionals="18" coveredconditionals="0" methods="15" coveredmethods="0"/>
      <file name="AppNavigator.js" path="C:\Proiecte\HikeLink\navigation\AppNavigator.js">
        <metrics statements="5" coveredstatements="0" conditionals="6" coveredconditionals="0" methods="1" coveredmethods="0"/>
        <line num="12" count="0" type="stmt"/>
        <line num="15" count="0" type="stmt"/>
        <line num="17" count="0" type="cond" truecount="0" falsecount="2"/>
        <line num="18" count="0" type="stmt"/>
        <line num="21" count="0" type="stmt"/>
      </file>
      <file name="AuthNavigator.js" path="C:\Proiecte\HikeLink\navigation\AuthNavigator.js">
        <metrics statements="2" coveredstatements="0" conditionals="0" coveredconditionals="0" methods="1" coveredmethods="0"/>
        <line num="6" count="0" type="stmt"/>
        <line num="9" count="0" type="stmt"/>
      </file>
      <file name="AuthStack.js" path="C:\Proiecte\HikeLink\navigation\AuthStack.js">
        <metrics statements="2" coveredstatements="0" conditionals="0" coveredconditionals="0" methods="1" coveredmethods="0"/>
        <line num="9" count="0" type="stmt"/>
        <line num="12" count="0" type="stmt"/>
      </file>
      <file name="MainNavigator.js" path="C:\Proiecte\HikeLink\navigation\MainNavigator.js">
        <metrics statements="14" coveredstatements="0" conditionals="10" coveredconditionals="0" methods="10" coveredmethods="0"/>
        <line num="16" count="0" type="stmt"/>
        <line num="17" count="0" type="stmt"/>
        <line num="20" count="0" type="stmt"/>
        <line num="22" count="0" type="stmt"/>
        <line num="50" count="0" type="stmt"/>
        <line num="68" count="0" type="stmt"/>
        <line num="84" count="0" type="stmt"/>
        <line num="100" count="0" type="stmt"/>
        <line num="116" count="0" type="stmt"/>
        <line num="132" count="0" type="stmt"/>
        <line num="143" count="0" type="stmt"/>
        <line num="145" count="0" type="stmt"/>
        <line num="146" count="0" type="stmt"/>
        <line num="155" count="0" type="stmt"/>
      </file>
      <file name="MainStack.js" path="C:\Proiecte\HikeLink\navigation\MainStack.js">
        <metrics statements="3" coveredstatements="0" conditionals="2" coveredconditionals="0" methods="2" coveredmethods="0"/>
        <line num="7" count="0" type="stmt"/>
        <line num="10" count="0" type="stmt"/>
        <line num="31" count="0" type="stmt"/>
      </file>
    </package>
    <package name="HikeLink.screens">
      <metrics statements="2091" coveredstatements="145" conditionals="1308" coveredconditionals="23" methods="468" coveredmethods="40"/>
      <file name="ActivityScreen.js" path="C:\Proiecte\HikeLink\screens\ActivityScreen.js">
        <metrics statements="212" coveredstatements="1" conditionals="147" coveredconditionals="0" methods="53" coveredmethods="1"/>
        <line num="25" count="3" type="stmt"/>
        <line num="26" count="0" type="stmt"/>
        <line num="27" count="0" type="stmt"/>
        <line num="28" count="0" type="stmt"/>
        <line num="29" count="0" type="stmt"/>
        <line num="30" count="0" type="stmt"/>
        <line num="31" count="0" type="stmt"/>
        <line num="32" count="0" type="stmt"/>
        <line num="37" count="0" type="stmt"/>
        <line num="38" count="0" type="stmt"/>
        <line num="39" count="0" type="stmt"/>
        <line num="40" count="0" type="stmt"/>
        <line num="42" count="0" type="stmt"/>
        <line num="43" count="0" type="cond" truecount="0" falsecount="2"/>
        <line num="44" count="0" type="cond" truecount="0" falsecount="2"/>
        <line num="45" count="0" type="cond" truecount="0" falsecount="2"/>
        <line num="46" count="0" type="stmt"/>
        <line num="49" count="0" type="stmt"/>
        <line num="51" count="0" type="stmt"/>
        <line num="52" count="0" type="stmt"/>
        <line num="53" count="0" type="cond" truecount="0" falsecount="2"/>
        <line num="54" count="0" type="cond" truecount="0" falsecount="2"/>
        <line num="55" count="0" type="stmt"/>
        <line num="58" count="0" type="stmt"/>
        <line num="59" count="0" type="stmt"/>
        <line num="67" count="0" type="cond" truecount="0" falsecount="2"/>
        <line num="68" count="0" type="stmt"/>
        <line num="69" count="0" type="stmt"/>
        <line num="70" count="0" type="stmt"/>
        <line num="73" count="0" type="cond" truecount="0" falsecount="2"/>
        <line num="74" count="0" type="stmt"/>
        <line num="75" count="0" type="stmt"/>
        <line num="76" count="0" type="stmt"/>
        <line num="79" count="0" type="stmt"/>
        <line num="82" count="0" type="stmt"/>
        <line num="83" count="0" type="stmt"/>
        <line num="90" count="0" type="cond" truecount="0" falsecount="2"/>
        <line num="91" count="0" type="stmt"/>
        <line num="92" count="0" type="stmt"/>
        <line num="93" count="0" type="stmt"/>
        <line num="96" count="0" type="cond" truecount="0" falsecount="2"/>
        <line num="97" count="0" type="stmt"/>
        <line num="98" count="0" type="stmt"/>
        <line num="99" count="0" type="stmt"/>
        <line num="102" count="0" type="stmt"/>
        <line num="105" count="0" type="stmt"/>
        <line num="106" count="0" type="cond" truecount="0" falsecount="2"/>
        <line num="107" count="0" type="stmt"/>
        <line num="108" count="0" type="cond" truecount="0" falsecount="2"/>
        <line num="109" count="0" type="stmt"/>
        <line num="110" count="0" type="cond" truecount="0" falsecount="2"/>
        <line num="111" count="0" type="stmt"/>
        <line num="113" count="0" type="stmt"/>
        <line num="117" count="0" type="stmt"/>
        <line num="118" count="0" type="stmt"/>
        <line num="127" count="0" type="stmt"/>
        <line num="135" count="0" type="stmt"/>
        <line num="159" count="0" type="stmt"/>
        <line num="160" count="0" type="stmt"/>
        <line num="161" count="0" type="stmt"/>
        <line num="162" count="0" type="stmt"/>
        <line num="165" count="0" type="stmt"/>
        <line num="171" count="0" type="stmt"/>
        <line num="172" count="0" type="stmt"/>
        <line num="173" count="0" type="stmt"/>
        <line num="175" count="0" type="stmt"/>
        <line num="176" count="0" type="stmt"/>
        <line num="177" count="0" type="stmt"/>
        <line num="178" count="0" type="stmt"/>
        <line num="182" count="0" type="stmt"/>
        <line num="183" count="0" type="stmt"/>
        <line num="184" count="0" type="cond" truecount="0" falsecount="2"/>
        <line num="185" count="0" type="stmt"/>
        <line num="186" count="0" type="cond" truecount="0" falsecount="2"/>
        <line num="187" count="0" type="cond" truecount="0" falsecount="2"/>
        <line num="192" count="0" type="stmt"/>
        <line num="193" count="0" type="stmt"/>
        <line num="194" count="0" type="stmt"/>
        <line num="197" count="0" type="stmt"/>
        <line num="198" count="0" type="stmt"/>
        <line num="199" count="0" type="stmt"/>
        <line num="203" count="0" type="stmt"/>
        <line num="204" count="0" type="stmt"/>
        <line num="205" count="0" type="stmt"/>
        <line num="206" count="0" type="stmt"/>
        <line num="208" count="0" type="stmt"/>
        <line num="209" count="0" type="stmt"/>
        <line num="213" count="0" type="stmt"/>
        <line num="214" count="0" type="stmt"/>
        <line num="216" count="0" type="stmt"/>
        <line num="221" count="0" type="stmt"/>
        <line num="223" count="0" type="cond" truecount="0" falsecount="2"/>
        <line num="224" count="0" type="stmt"/>
        <line num="227" count="0" type="stmt"/>
        <line num="230" count="0" type="stmt"/>
        <line num="236" count="0" type="stmt"/>
        <line num="238" count="0" type="cond" truecount="0" falsecount="2"/>
        <line num="239" count="0" type="stmt"/>
        <line num="243" count="0" type="stmt"/>
        <line num="244" count="0" type="stmt"/>
        <line num="248" count="0" type="stmt"/>
        <line num="249" count="0" type="stmt"/>
        <line num="251" count="0" type="cond" truecount="0" falsecount="2"/>
        <line num="252" count="0" type="stmt"/>
        <line num="257" count="0" type="stmt"/>
        <line num="264" count="0" type="stmt"/>
        <line num="265" count="0" type="stmt"/>
        <line num="269" count="0" type="stmt"/>
        <line num="270" count="0" type="cond" truecount="0" falsecount="2"/>
        <line num="273" count="0" type="stmt"/>
        <line num="274" count="0" type="stmt"/>
        <line num="275" count="0" type="cond" truecount="0" falsecount="2"/>
        <line num="276" count="0" type="stmt"/>
        <line num="277" count="0" type="stmt"/>
        <line num="286" count="0" type="stmt"/>
        <line num="292" count="0" type="stmt"/>
        <line num="293" count="0" type="stmt"/>
        <line num="294" count="0" type="stmt"/>
        <line num="295" count="0" type="stmt"/>
        <line num="297" count="0" type="stmt"/>
        <line num="301" count="0" type="stmt"/>
        <line num="307" count="0" type="stmt"/>
        <line num="308" count="0" type="stmt"/>
        <line num="309" count="0" type="stmt"/>
        <line num="310" count="0" type="stmt"/>
[...]
        <line num="303" count="0" type="stmt"/>
        <line num="307" count="0" type="cond" truecount="0" falsecount="2"/>
        <line num="308" count="0" type="stmt"/>
        <line num="309" count="0" type="stmt"/>
        <line num="310" count="0" type="stmt"/>
        <line num="315" count="0" type="stmt"/>
        <line num="316" count="0" type="stmt"/>
        <line num="319" count="0" type="stmt"/>
        <line num="323" count="0" type="stmt"/>
        <line num="326" count="0" type="stmt"/>
        <line num="327" count="0" type="stmt"/>
        <line num="328" count="0" type="stmt"/>
        <line num="329" count="0" type="cond" truecount="0" falsecount="2"/>
        <line num="331" count="0" type="stmt"/>
        <line num="332" count="0" type="cond" truecount="0" falsecount="2"/>
        <line num="333" count="0" type="stmt"/>
        <line num="336" count="0" type="stmt"/>
        <line num="340" count="0" type="stmt"/>
        <line num="341" count="0" type="stmt"/>
        <line num="343" count="0" type="cond" truecount="0" falsecount="2"/>
        <line num="344" count="0" type="stmt"/>
        <line num="345" count="0" type="stmt"/>
        <line num="348" count="0" type="stmt"/>
        <line num="349" count="0" type="stmt"/>
        <line num="350" count="0" type="stmt"/>
        <line num="352" count="0" type="cond" truecount="0" falsecount="2"/>
        <line num="353" count="0" type="stmt"/>
        <line num="354" count="0" type="stmt"/>
        <line num="357" count="0" type="stmt"/>
        <line num="360" count="0" type="stmt"/>
        <line num="367" count="0" type="stmt"/>
        <line num="369" count="0" type="cond" truecount="0" falsecount="4"/>
        <line num="370" count="0" type="stmt"/>
        <line num="375" count="0" type="cond" truecount="0" falsecount="2"/>
        <line num="377" count="0" type="stmt"/>
        <line num="378" count="0" type="cond" truecount="0" falsecount="2"/>
        <line num="380" count="0" type="stmt"/>
        <line num="383" count="0" type="stmt"/>
        <line num="385" count="0" type="cond" truecount="0" falsecount="2"/>
        <line num="386" count="0" type="stmt"/>
        <line num="387" count="0" type="stmt"/>
        <line num="390" count="0" type="cond" truecount="0" falsecount="4"/>
        <line num="391" count="0" type="stmt"/>
        <line num="392" count="0" type="stmt"/>
        <line num="393" count="0" type="stmt"/>
        <line num="397" count="0" type="stmt"/>
        <line num="400" count="0" type="stmt"/>
        <line num="401" count="0" type="stmt"/>
        <line num="402" count="0" type="stmt"/>
        <line num="407" count="0" type="stmt"/>
        <line num="408" count="0" type="stmt"/>
        <line num="410" count="0" type="stmt"/>
        <line num="411" count="0" type="stmt"/>
        <line num="414" count="0" type="stmt"/>
        <line num="418" count="0" type="stmt"/>
        <line num="419" count="0" type="cond" truecount="0" falsecount="2"/>
        <line num="420" count="0" type="stmt"/>
        <line num="424" count="0" type="stmt"/>
        <line num="425" count="0" type="cond" truecount="0" falsecount="2"/>
        <line num="426" count="0" type="stmt"/>
        <line num="430" count="0" type="stmt"/>
        <line num="431" count="0" type="cond" truecount="0" falsecount="2"/>
        <line num="432" count="0" type="stmt"/>
        <line num="436" count="0" type="stmt"/>
        <line num="437" count="0" type="stmt"/>
        <line num="438" count="0" type="stmt"/>
        <line num="439" count="0" type="stmt"/>
        <line num="440" count="0" type="stmt"/>
        <line num="441" count="0" type="stmt"/>
        <line num="442" count="0" type="stmt"/>
        <line num="445" count="0" type="stmt"/>
        <line num="446" count="0" type="stmt"/>
        <line num="447" count="0" type="stmt"/>
        <line num="448" count="0" type="stmt"/>
        <line num="455" count="0" type="stmt"/>
        <line num="456" count="0" type="stmt"/>
        <line num="458" count="0" type="stmt"/>
        <line num="459" count="0" type="stmt"/>
        <line num="463" count="0" type="stmt"/>
        <line num="464" count="0" type="cond" truecount="0" falsecount="2"/>
        <line num="465" count="0" type="stmt"/>
        <line num="466" count="0" type="stmt"/>
        <line num="469" count="0" type="stmt"/>
        <line num="470" count="0" type="stmt"/>
        <line num="479" count="0" type="stmt"/>
        <line num="480" count="0" type="stmt"/>
        <line num="481" count="0" type="stmt"/>
        <line num="482" count="0" type="stmt"/>
        <line num="483" count="0" type="stmt"/>
        <line num="485" count="0" type="stmt"/>
        <line num="486" count="0" type="stmt"/>
        <line num="490" count="0" type="stmt"/>
        <line num="491" count="0" type="stmt"/>
        <line num="494" count="0" type="stmt"/>
        <line num="495" count="0" type="stmt"/>
        <line num="496" count="0" type="stmt"/>
        <line num="497" count="0" type="stmt"/>
        <line num="498" count="0" type="stmt"/>
        <line num="500" count="0" type="cond" truecount="0" falsecount="2"/>
        <line num="502" count="0" type="stmt"/>
        <line num="503" count="0" type="stmt"/>
        <line num="510" count="0" type="stmt"/>
        <line num="514" count="0" type="stmt"/>
        <line num="519" count="0" type="stmt"/>
        <line num="524" count="0" type="stmt"/>
        <line num="525" count="0" type="stmt"/>
        <line num="526" count="0" type="cond" truecount="0" falsecount="2"/>
        <line num="528" count="0" type="stmt"/>
        <line num="529" count="0" type="stmt"/>
        <line num="530" count="0" type="stmt"/>
        <line num="531" count="0" type="stmt"/>
        <line num="534" count="0" type="cond" truecount="0" falsecount="2"/>
        <line num="535" count="0" type="stmt"/>
        <line num="539" count="0" type="stmt"/>
        <line num="543" count="0" type="stmt"/>
        <line num="544" count="0" type="stmt"/>
        <line num="548" count="0" type="stmt"/>
        <line num="549" count="0" type="stmt"/>
        <line num="553" count="0" type="stmt"/>
        <line num="554" count="0" type="stmt"/>
        <line num="555" count="0" type="stmt"/>
        <line num="556" count="0" type="stmt"/>
        <line num="557" count="0" type="stmt"/>
        <line num="559" count="0" type="stmt"/>
        <line num="563" count="0" type="stmt"/>
        <line num="567" count="0" type="stmt"/>
        <line num="568" count="0" type="stmt"/>
        <line num="570" count="0" type="stmt"/>
        <line num="571" count="0" type="stmt"/>
        <line num="575" count="0" type="stmt"/>
        <line num="576" count="0" type="stmt"/>
        <line num="580" count="0" type="stmt"/>
        <line num="588" count="0" type="stmt"/>
        <line num="595" count="0" type="stmt"/>
        <line num="597" count="0" type="stmt"/>
        <line num="608" count="0" type="stmt"/>
        <line num="620" count="0" type="stmt"/>
        <line num="621" count="0" type="stmt"/>
        <line num="652" count="0" type="stmt"/>
        <line num="654" count="0" type="stmt"/>
        <line num="655" count="0" type="stmt"/>
        <line num="656" count="0" type="stmt"/>
        <line num="657" count="0" type="stmt"/>
        <line num="662" count="0" type="stmt"/>
        <line num="686" count="0" type="stmt"/>
        <line num="696" count="0" type="stmt"/>
        <line num="711" count="0" type="stmt"/>
        <line num="795" count="0" type="cond" truecount="0" falsecount="2"/>
        <line num="818" count="0" type="cond" truecount="0" falsecount="4"/>
        <line num="861" count="0" type="cond" truecount="0" falsecount="4"/>
        <line num="907" count="0" type="stmt"/>
        <line num="921" count="0" type="cond" truecount="0" falsecount="2"/>
        <line num="969" count="0" type="stmt"/>
        <line num="990" count="0" type="stmt"/>
        <line num="1004" count="0" type="stmt"/>
        <line num="1031" count="0" type="stmt"/>
        <line num="1078" count="0" type="stmt"/>
        <line num="1099" count="1" type="stmt"/>
      </file>
      <file name="RegisterScreen.js" path="C:\Proiecte\HikeLink\screens\RegisterScreen.js">
        <metrics statements="21" coveredstatements="8" conditionals="9" coveredconditionals="1" methods="3" coveredmethods="1"/>
        <line num="17" count="1" type="stmt"/>
        <line num="18" count="1" type="stmt"/>
        <line num="19" count="1" type="stmt"/>
        <line num="20" count="1" type="stmt"/>
        <line num="21" count="1" type="stmt"/>
        <line num="23" count="1" type="stmt"/>
        <line num="24" count="0" type="cond" truecount="0" falsecount="7"/>
        <line num="25" count="0" type="stmt"/>
        <line num="26" count="0" type="stmt"/>
        <line num="28" count="0" type="stmt"/>
        <line num="29" count="0" type="stmt"/>
        <line num="33" count="0" type="stmt"/>
        <line num="34" count="0" type="stmt"/>
        <line num="35" count="0" type="stmt"/>
        <line num="48" count="0" type="stmt"/>
        <line num="50" count="0" type="stmt"/>
        <line num="51" count="0" type="stmt"/>
        <line num="53" count="0" type="stmt"/>
        <line num="57" count="1" type="stmt"/>
        <line num="117" count="0" type="stmt"/>
        <line num="127" count="1" type="stmt"/>
      </file>
      <file name="Reports.js" path="C:\Proiecte\HikeLink\screens\Reports.js">
        <metrics statements="34" coveredstatements="16" conditionals="19" coveredconditionals="0" methods="15" coveredmethods="4"/>
        <line num="7" count="2" type="stmt"/>
        <line num="8" count="2" type="stmt"/>
        <line num="9" count="2" type="stmt"/>
        <line num="11" count="2" type="stmt"/>
        <line num="12" count="1" type="stmt"/>
        <line num="15" count="2" type="stmt"/>
        <line num="16" count="1" type="stmt"/>
        <line num="17" count="1" type="stmt"/>
        <line num="19" count="1" type="stmt"/>
        <line num="20" count="0" type="stmt"/>
        <line num="22" count="0" type="stmt"/>
        <line num="23" count="0" type="stmt"/>
        <line num="24" count="0" type="stmt"/>
        <line num="25" count="0" type="stmt"/>
        <line num="27" count="0" type="stmt"/>
        <line num="29" count="1" type="stmt"/>
        <line num="31" count="1" type="stmt"/>
        <line num="34" count="2" type="stmt"/>
        <line num="35" count="0" type="stmt"/>
        <line num="39" count="0" type="stmt"/>
        <line num="40" count="0" type="cond" truecount="0" falsecount="2"/>
        <line num="41" count="0" type="stmt"/>
        <line num="43" count="0" type="stmt"/>
        <line num="50" count="2" type="stmt"/>
        <line num="51" count="0" type="cond" truecount="0" falsecount="5"/>
        <line num="55" count="2" type="stmt"/>
        <line num="58" count="0" type="stmt"/>
        <line num="65" count="0" type="stmt"/>
        <line num="66" count="0" type="stmt"/>
        <line num="76" count="0" type="stmt"/>
        <line num="80" count="0" type="stmt"/>
        <line num="88" count="0" type="stmt"/>
        <line num="101" count="6" type="stmt"/>
        <line num="109" count="1" type="stmt"/>
      </file>
      <file name="UserManagement.js" path="C:\Proiecte\HikeLink\screens\UserManagement.js">
        <metrics statements="35" coveredstatements="16" conditionals="30" coveredconditionals="0" methods="13" coveredmethods="3"/>
        <line num="9" count="2" type="stmt"/>
        <line num="10" count="2" type="stmt"/>
        <line num="11" count="2" type="stmt"/>
        <line num="13" count="2" type="stmt"/>
        <line num="14" count="1" type="stmt"/>
        <line num="17" count="2" type="stmt"/>
        <line num="18" count="1" type="stmt"/>
        <line num="19" count="1" type="stmt"/>
        <line num="20" count="1" type="stmt"/>
        <line num="21" count="0" type="stmt"/>
        <line num="22" count="0" type="stmt"/>
        <line num="23" count="0" type="stmt"/>
        <line num="25" count="1" type="stmt"/>
        <line num="27" count="1" type="stmt"/>
        <line num="30" count="2" type="stmt"/>
        <line num="31" count="0" type="stmt"/>
        <line num="32" count="0" type="cond" truecount="0" falsecount="2"/>
        <line num="33" count="0" type="stmt"/>
        <line num="35" count="0" type="stmt"/>
        <line num="39" count="2" type="stmt"/>
        <line num="40" count="0" type="stmt"/>
        <line num="44" count="0" type="stmt"/>
        <line num="45" count="0" type="stmt"/>
        <line num="46" count="0" type="stmt"/>
        <line num="48" count="0" type="stmt"/>
        <line num="55" count="2" type="stmt"/>
        <line num="56" count="0" type="cond" truecount="0" falsecount="4"/>
        <line num="60" count="2" type="stmt"/>
        <line num="67" count="0" type="stmt"/>
        <line num="88" count="0" type="stmt"/>
        <line num="93" count="0" type="stmt"/>
        <line num="97" count="0" type="stmt"/>
        <line num="141" count="0" type="stmt"/>
        <line num="154" count="0" type="stmt"/>
        <line num="174" count="1" type="stmt"/>
      </file>
      <file name="VerifyCodeScreen.js" path="C:\Proiecte\HikeLink\screens\VerifyCodeScreen.js">
        <metrics statements="26" coveredstatements="2" conditionals="15" coveredconditionals="0" methods="9" coveredmethods="1"/>
        <line num="14" count="2" type="stmt"/>
        <line num="15" count="0" type="stmt"/>
        <line num="16" count="0" type="stmt"/>
        <line num="18" count="0" type="stmt"/>
        <line num="19" count="0" type="cond" truecount="0" falsecount="2"/>
        <line num="20" count="0" type="stmt"/>
        <line num="23" count="0" type="stmt"/>
        <line num="24" count="0" type="stmt"/>
        <line num="25" count="0" type="stmt"/>
        <line num="28" count="0" type="cond" truecount="0" falsecount="4"/>
        <line num="29" count="0" type="stmt"/>
        <line num="33" count="0" type="stmt"/>
        <line num="34" count="0" type="cond" truecount="0" falsecount="5"/>
        <line num="35" count="0" type="stmt"/>
        <line num="39" count="0" type="stmt"/>
        <line num="40" count="0" type="stmt"/>
        <line num="41" count="0" type="cond" truecount="0" falsecount="2"/>
        <line num="42" count="0" type="stmt"/>
        <line num="43" count="0" type="stmt"/>
        <line num="48" count="0" type="stmt"/>
        <line num="51" count="0" type="stmt"/>
        <line num="64" count="0" type="stmt"/>
        <line num="66" count="0" type="stmt"/>
        <line num="71" count="0" type="stmt"/>
        <line num="72" count="0" type="stmt"/>
        <line num="92" count="1" type="stmt"/>
      </file>
    </package>
    <package name="HikeLink.services">
      <metrics statements="29" coveredstatements="2" conditionals="8" coveredconditionals="0" methods="6" coveredmethods="0"/>
      <file name="NotificationService.js" path="C:\Proiecte\HikeLink\services\NotificationService.js">
        <metrics statements="29" coveredstatements="2" conditionals="8" coveredconditionals="0" methods="6" coveredmethods="0"/>
        <line num="7" count="1" type="stmt"/>
        <line num="8" count="0" type="stmt"/>
        <line num="15" count="1" type="stmt"/>
        <line num="18" count="0" type="stmt"/>
        <line num="19" count="0" type="stmt"/>
        <line num="21" count="0" type="cond" truecount="0" falsecount="2"/>
        <line num="22" count="0" type="stmt"/>
        <line num="23" count="0" type="stmt"/>
        <line num="26" count="0" type="cond" truecount="0" falsecount="2"/>
        <line num="27" count="0" type="stmt"/>
        <line num="28" count="0" type="stmt"/>
        <line num="32" count="0" type="stmt"/>
        <line num="37" count="0" type="cond" truecount="0" falsecount="2"/>
        <line num="38" count="0" type="stmt"/>
        <line num="43" count="0" type="stmt"/>
        <line num="48" count="0" type="stmt"/>
        <line num="50" count="0" type="stmt"/>
        <line num="51" count="0" type="stmt"/>
        <line num="53" count="0" type="cond" truecount="0" falsecount="2"/>
        <line num="54" count="0" type="stmt"/>
        <line num="55" count="0" type="stmt"/>
        <line num="59" count="0" type="stmt"/>
        <line num="68" count="0" type="stmt"/>
        <line num="74" count="0" type="stmt"/>
        <line num="75" count="0" type="stmt"/>
        <line num="83" count="0" type="stmt"/>
        <line num="85" count="0" type="stmt"/>
        <line num="91" count="0" type="stmt"/>
        <line num="96" count="0" type="stmt"/>
      </file>
    </package>
    <package name="HikeLink.sscod">
      <metrics statements="19" coveredstatements="0" conditionals="0" coveredconditionals="0" methods="2" coveredmethods="0"/>
      <file name="code-register.js" path="C:\Proiecte\HikeLink\sscod\code-register.js">
        <metrics statements="6" coveredstatements="0" conditionals="0" coveredconditionals="0" methods="1" coveredmethods="0"/>
        <line num="6" count="0" type="stmt"/>
        <line num="7" count="0" type="stmt"/>
        <line num="8" count="0" type="stmt"/>
        <line num="11" count="0" type="stmt"/>
        <line num="20" count="0" type="stmt"/>
        <line num="22" count="0" type="stmt"/>
      </file>
      <file name="screenshot.js" path="C:\Proiecte\HikeLink\sscod\screenshot.js">
        <metrics statements="13" coveredstatements="0" conditionals="0" coveredconditionals="0" methods="1" coveredmethods="0"/>
        <line num="1" count="0" type="stmt"/>
        <line num="2" count="0" type="stmt"/>
        <line num="5" count="0" type="stmt"/>
        <line num="6" count="0" type="stmt"/>
        <line num="9" count="0" type="stmt"/>
        <line num="10" count="0" type="stmt"/>
        <line num="13" count="0" type="stmt"/>
        <line num="16" count="0" type="stmt"/>
        <line num="19" count="0" type="stmt"/>
        <line num="22" count="0" type="stmt"/>
        <line num="27" count="0" type="stmt"/>
        <line num="28" count="0" type="stmt"/>
        <line num="31" count="0" type="stmt"/>
      </file>
    </package>
    <package name="HikeLink.utils">
      <metrics statements="26" coveredstatements="0" conditionals="2" coveredconditionals="0" methods="1" coveredmethods="0"/>
      <file name="cloudinary.js" path="C:\Proiecte\HikeLink\utils\cloudinary.js">
        <metrics statements="26" coveredstatements="0" conditionals="2" coveredconditionals="0" methods="1" coveredmethods="0"/>
        <line num="2" count="0" type="stmt"/>
        <line num="4" count="0" type="stmt"/>
        <line num="5" count="0" type="stmt"/>
        <line num="7" count="0" type="stmt"/>
        <line num="8" count="0" type="stmt"/>
        <line num="9" count="0" type="stmt"/>
        <line num="11" count="0" type="stmt"/>
        <line num="13" count="0" type="stmt"/>
        <line num="14" count="0" type="stmt"/>
        <line num="19" count="0" type="stmt"/>
        <line num="21" count="0" type="stmt"/>
        <line num="23" count="0" type="stmt"/>
        <line num="24" count="0" type="stmt"/>
        <line num="26" count="0" type="stmt"/>
        <line num="31" count="0" type="stmt"/>
        <line num="32" count="0" type="stmt"/>
        <line num="35" count="0" type="stmt"/>
        <line num="36" count="0" type="stmt"/>
        <line num="38" count="0" type="stmt"/>
        <line num="41" count="0" type="cond" truecount="0" falsecount="2"/>
        <line num="42" count="0" type="stmt"/>
        <line num="43" count="0" type="stmt"/>
        <line num="45" count="0" type="stmt"/>
        <line num="46" count="0" type="stmt"/>
        <line num="49" count="0" type="stmt"/>
        <line num="50" count="0" type="stmt"/>
      </file>
    </package>
  </project>
</coverage>
